
================================================================
======== txAdmin v7.1.0 atop fxserver 8216 Starting - 26/05/2024 02:38:49
================================================================

================================================================
======== Log Rotated - 26/05/2024 02:38:49                      
================================================================

================================================================
======== txAdmin v7.1.0 atop fxserver 8216 Starting - 26/05/2024 02:40:46
================================================================

================================================================
======== txAdmin v7.1.0 atop fxserver 8216 Starting - 26/05/2024 02:46:15
================================================================
[02:46:48][impress1] logged in from 127.0.0.1 via cfxre

================================================================
======== txAdmin v7.1.0 atop fxserver 8216 Starting - 26/05/2024 10:39:31
================================================================
[10:41:06][impress1] logged in from 127.0.0.1 via cfxre
[10:53:15][impress1] executed "RESTART SERVER"
[10:57:37][impress1] executed "RESTART SERVER"
[11:07:26][impress1] executed "RESTART SERVER"
[11:21:32][impress1] executed "RESTART SERVER"
[11:43:15][impress1] executed "RESTART SERVER"
[11:51:36][impress1] executed "RESTART SERVER"
[14:08:58][impress1] executed "RESTART SERVER"
[14:10:47][impress1] executed "RESTART SERVER"
[14:37:22][impress1] executed "RESTART SERVER"
[15:06:54][impress1] executed "RESTART SERVER"
[15:07:09][impress1] executed "RESTART SERVER"
[16:47:59][impress1] executed "RESTART SERVER"
