
================================================================
======== Log Rotated - 25/05/2024 00:00:00                      
================================================================
[00:34:37] [HFK9E#1] Lucas Sampaio: died from suicide (Falling)
[02:51:07] [HFK9E#1] Lucas Sampaio: died from suicide (Cougar)
[02:56:46] [HFK9E#1] Lucas Sampaio: said "revive"
[03:04:47] [HFK9E#1] Lucas Sampaio: disconnected ([txAdmin] Server restarting (requested by impress1).)
[03:05:02] txAdmin: Logger started
[03:06:14] [NKEKr#1] Lucas Sampaio: joined with identifiers [license:1425e2fa775c12f32061c073d1bdc305c1349cc9; xbl:2535415924787244; live:985157393359207; discord:305065395021283328; fivem:14080411; license2:74b0889da40337e917df9bd4fad7bf7642775f3d]
[03:17:11] [NKEKr#1] Lucas Sampaio: said "/no"
[03:27:56] [NKEKr#1] Lucas Sampaio: said "/noclipl"
[04:07:11] [NKEKr#1] Lucas Sampaio: spawned a vehicle (model: trophytruck)
[05:38:09] [NKEKr#1] Lucas Sampaio: died from suicide (Falling)
[07:38:08] [NKEKr#1] Lucas Sampaio: died from suicide (Falling)
[13:25:06] [NKEKr#1] Lucas Sampaio: died from suicide
[15:23:09] [NKEKr#1] Lucas Sampaio: died from suicide (Falling)
[18:16:36] [NKEKr#1] Lucas Sampaio: disconnected ([txAdmin] Server restarting (requested by impress1).)
[18:16:50] txAdmin: Logger started
[18:17:20] [HCJGX#1] Lucas Sampaio: joined with identifiers [license:1425e2fa775c12f32061c073d1bdc305c1349cc9; xbl:2535415924787244; live:985157393359207; discord:305065395021283328; fivem:14080411; license2:74b0889da40337e917df9bd4fad7bf7642775f3d]
[19:01:56] [HCJGX#1] Lucas Sampaio: disconnected ([txAdmin] Server restarting (requested by impress1).)
[19:02:10] txAdmin: Logger started
[19:03:13] [kdgNq#1] Lucas Sampaio: joined with identifiers [license:1425e2fa775c12f32061c073d1bdc305c1349cc9; xbl:2535415924787244; live:985157393359207; discord:305065395021283328; fivem:14080411; license2:74b0889da40337e917df9bd4fad7bf7642775f3d]
[19:20:01] [kdgNq#1] Lucas Sampaio: died from suicide (Falling)
